<?xml version="1.0" encoding="UTF-8"?>
<!-- Generated by org.testng.reporters.JUnitReportReporter -->
<testsuite hostname="DAKSHIT-HP" failures="0" tests="1" name="Store.eCommerce_App" time="30.380" errors="0" timestamp="2025-08-19T16:13:47 IST" skipped="0">
  <testcase classname="Store.eCommerce_App" name="eCommerceTest" time="30.380"/>
</testsuite> <!-- Store.eCommerce_App -->
