<?xml version="1.0" encoding="UTF-8"?>
<!-- Generated by org.testng.reporters.JUnitReportReporter -->
<testsuite hostname="DAKSHIT-HP" failures="0" tests="1" name="Store.HybridContextSwitch_Test" time="43.716" errors="0" timestamp="2025-08-25T06:54:32 IST" skipped="0">
  <testcase classname="Store.HybridContextSwitch_Test" name="HybridContextSwitchTest" time="43.716"/>
</testsuite> <!-- Store.HybridContextSwitch_Test -->
