<?xml version="1.0" encoding="UTF-8"?>
<!-- Generated by org.testng.reporters.JUnitReportReporter -->
<testsuite hostname="DAKSHIT-HP" failures="0" tests="1" name="Store.eCommerce_Android" time="22.620" errors="0" timestamp="2025-08-25T06:54:32 IST" skipped="0">
  <testcase classname="Store.eCommerce_Android" name="eCommerce_AndroidTest" time="22.620"/>
</testsuite> <!-- Store.eCommerce_Android -->
