<?xml version="1.0" encoding="UTF-8"?>
<!-- Generated by org.testng.reporters.JUnitReportReporter -->
<testsuite hostname="DAKSHIT-HP" failures="0" tests="1" name="Store.PricesSum" time="11.282" errors="0" timestamp="2025-08-23T17:07:55 IST" skipped="0">
  <testcase classname="Store.PricesSum" name="PricesSumTest" time="11.282"/>
</testsuite> <!-- Store.PricesSum -->
