<?xml version="1.0" encoding="UTF-8"?>
<!-- Generated by org.testng.reporters.JUnitReportReporter -->
<testsuite hostname="DAKSHIT-HP" failures="0" tests="2" name="Store.FormPage_Validation" time="30.474" errors="0" timestamp="2025-08-25T06:54:32 IST" skipped="0">
  <testcase classname="Store.FormPage_Validation" name="FillForm_PositiveFlow" time="19.798"/>
  <testcase classname="Store.FormPage_Validation" name="FillForm_ErrorValidation" time="10.676"/>
</testsuite> <!-- Store.FormPage_Validation -->
