<?xml version="1.0" encoding="UTF-8"?>
<!-- Generated by org.testng.reporters.JUnitReportReporter -->
<testsuite hostname="DAKSHIT-HP" failures="0" tests="1" name="Store.Prices" time="35.594" errors="0" timestamp="2025-08-24T16:11:23 IST" skipped="0">
  <testcase classname="Store.Prices" name="PricesSumTest" time="35.594"/>
</testsuite> <!-- Store.Prices -->
