<?xml version="1.0" encoding="UTF-8"?>
<!-- Generated by org.testng.reporters.JUnitReportReporter -->
<testsuite hostname="DAKSHIT-HP" failures="0" tests="1" name="Store.addToCart" time="24.318" errors="0" timestamp="2025-08-19T17:33:44 IST" skipped="0">
  <testcase classname="Store.addToCart" name="addToCartTest" time="24.318"/>
</testsuite> <!-- Store.addToCart -->
