<?xml version="1.0" encoding="UTF-8"?>
<!-- Generated by org.testng.reporters.JUnitReportReporter -->
<testsuite hostname="DAKSHIT-HP" failures="0" tests="1" name="Store.ItemSearchByName_Validation" time="24.239" errors="0" timestamp="2025-08-25T06:54:32 IST" skipped="0">
  <testcase classname="Store.ItemSearchByName_Validation" name="ItemSearchByNameTest" time="24.239"/>
</testsuite> <!-- Store.ItemSearchByName_Validation -->
