<?xml version="1.0" encoding="UTF-8"?>
<!-- Generated by org.testng.reporters.JUnitReportReporter -->
<testsuite hostname="DAKSHIT-HP" failures="0" tests="1" name="Store.NameBoxValidation" time="6.263" errors="0" timestamp="2025-08-19T15:34:38 IST" skipped="0">
  <testcase classname="Store.NameBoxValidation" name="NameBoxTest" time="6.263"/>
</testsuite> <!-- Store.NameBoxValidation -->
