<?xml version="1.0" encoding="UTF-8"?>
<!-- Generated by org.testng.reporters.JUnitReportReporter -->
<testsuite hostname="DAKSHIT-HP" failures="0" tests="1" name="Store.SumOfPrice_Validation" time="18.965" errors="0" timestamp="2025-08-25T06:54:32 IST" skipped="0">
  <testcase classname="Store.SumOfPrice_Validation" name="SumOfPriceTest" time="18.965"/>
</testsuite> <!-- Store.SumOfPrice_Validation -->
