<?xml version="1.0" encoding="UTF-8"?>
<!-- Generated by org.testng.reporters.JUnitReportReporter -->
<testsuite hostname="DAKSHIT-HP" failures="0" tests="1" name="Store.eCommerce_Hybride" time="28.382" errors="0" timestamp="2025-08-20T08:09:24 IST" skipped="0">
  <testcase classname="Store.eCommerce_Hybride" name="PricesSumTest" time="28.382"/>
</testsuite> <!-- Store.eCommerce_Hybride -->
