<?xml version="1.0" encoding="UTF-8"?>
<!-- Generated by org.testng.reporters.JUnitReportReporter -->
<testsuite hostname="DAKSHIT-HP" failures="0" tests="1" name="Store.ItemSearchByName_Valiation" time="23.775" errors="0" timestamp="2025-08-24T17:28:13 IST" skipped="0">
  <testcase classname="Store.ItemSearchByName_Valiation" name="ItemSearchByNameTest" time="23.775"/>
</testsuite> <!-- Store.ItemSearchByName_Valiation -->
